This file contains any messages produced by compilers while
running configure, to aid debugging if configure makes a mistake.

It was created by dchdaq configure 3.8.2, which was
generated by GNU Autoconf 2.69.  Invocation command line was

  $ ./configure 

## --------- ##
## Platform. ##
## --------- ##

hostname = hp-pc-gtassielli
uname -m = x86_64
uname -r = 3.10.0-327.el7.x86_64
uname -s = Linux
uname -v = #1 SMP Fri Nov 20 11:12:42 CST 2015

/usr/bin/uname -p = x86_64
/bin/uname -X     = unknown

/bin/arch              = x86_64
/usr/bin/arch -k       = unknown
/usr/convex/getsysinfo = unknown
/usr/bin/hostinfo      = unknown
/bin/machine           = unknown
/usr/bin/oslevel       = unknown
/bin/universe          = unknown

PATH: /usr/local/bin
PATH: /usr/bin
PATH: /usr/local/sbin
PATH: /usr/sbin
PATH: /home/helab/.local/bin
PATH: /home/helab/bin
PATH: .
PATH: /home/helab/sw/root/root-5.34-bin/bin


## ----------- ##
## Core tests. ##
## ----------- ##

configure:2191: checking for a BSD-compatible install
configure:2259: result: /usr/bin/install -c
configure:2270: checking whether build environment is sane
configure:2325: result: yes
configure:2363: WARNING: 'missing' script is too old or missing
configure:2476: checking for a thread-safe mkdir -p
configure:2515: result: /usr/bin/mkdir -p
configure:2522: checking for gawk
configure:2538: found /usr/bin/gawk
configure:2549: result: gawk
configure:2560: checking whether make sets $(MAKE)
configure:2582: result: yes
configure:2611: checking whether make supports nested variables
configure:2628: result: yes
configure:2765: checking for gcc
configure:2781: found /usr/bin/gcc
configure:2792: result: gcc
configure:3021: checking for C compiler version
configure:3030: gcc --version >&5
gcc (GCC) 4.8.5 20150623 (Red Hat 4.8.5-4)
Copyright (C) 2015 Free Software Foundation, Inc.
This is free software; see the source for copying conditions.  There is NO
warranty; not even for MERCHANTABILITY or FITNESS FOR A PARTICULAR PURPOSE.

configure:3041: $? = 0
configure:3030: gcc -v >&5
Using built-in specs.
COLLECT_GCC=gcc
COLLECT_LTO_WRAPPER=/usr/libexec/gcc/x86_64-redhat-linux/4.8.5/lto-wrapper
Target: x86_64-redhat-linux
Configured with: ../configure --prefix=/usr --mandir=/usr/share/man --infodir=/usr/share/info --with-bugurl=http://bugzilla.redhat.com/bugzilla --enable-bootstrap --enable-shared --enable-threads=posix --enable-checking=release --with-system-zlib --enable-__cxa_atexit --disable-libunwind-exceptions --enable-gnu-unique-object --enable-linker-build-id --with-linker-hash-style=gnu --enable-languages=c,c++,objc,obj-c++,java,fortran,ada,go,lto --enable-plugin --enable-initfini-array --disable-libgcj --with-isl=/builddir/build/BUILD/gcc-4.8.5-20150702/obj-x86_64-redhat-linux/isl-install --with-cloog=/builddir/build/BUILD/gcc-4.8.5-20150702/obj-x86_64-redhat-linux/cloog-install --enable-gnu-indirect-function --with-tune=generic --with-arch_32=x86-64 --build=x86_64-redhat-linux
Thread model: posix
gcc version 4.8.5 20150623 (Red Hat 4.8.5-4) (GCC) 
configure:3041: $? = 0
configure:3030: gcc -V >&5
gcc: error: unrecognized command line option '-V'
gcc: fatal error: no input files
compilation terminated.
configure:3041: $? = 4
configure:3030: gcc -qversion >&5
gcc: error: unrecognized command line option '-qversion'
gcc: fatal error: no input files
compilation terminated.
configure:3041: $? = 4
configure:3061: checking whether the C compiler works
configure:3083: gcc    conftest.c  >&5
configure:3087: $? = 0
configure:3135: result: yes
configure:3138: checking for C compiler default output file name
configure:3140: result: a.out
configure:3146: checking for suffix of executables
configure:3153: gcc -o conftest    conftest.c  >&5
configure:3157: $? = 0
configure:3179: result: 
configure:3201: checking whether we are cross compiling
configure:3209: gcc -o conftest    conftest.c  >&5
configure:3213: $? = 0
configure:3220: ./conftest
configure:3224: $? = 0
configure:3239: result: no
configure:3244: checking for suffix of object files
configure:3266: gcc -c   conftest.c >&5
configure:3270: $? = 0
configure:3291: result: o
configure:3295: checking whether we are using the GNU C compiler
configure:3314: gcc -c   conftest.c >&5
configure:3314: $? = 0
configure:3323: result: yes
configure:3332: checking whether gcc accepts -g
configure:3352: gcc -c -g  conftest.c >&5
configure:3352: $? = 0
configure:3393: result: yes
configure:3410: checking for gcc option to accept ISO C89
configure:3473: gcc  -c -g -O2  conftest.c >&5
configure:3473: $? = 0
configure:3486: result: none needed
configure:3517: checking for style of include used by make
configure:3545: result: GNU
configure:3571: checking dependency style of gcc
configure:3682: result: gcc3
configure:3713: checking how to run the C preprocessor
configure:3744: gcc -E  -I/home/helab/sw/CAEN/CAENComm-1.2/include -I/home/helab/sw/CAEN/CAENVMELib-2.50/include -I/home/helab/sw/CAEN/CAENDigitizer_2.11.0/include conftest.c
configure:3744: $? = 0
configure:3758: gcc -E  -I/home/helab/sw/CAEN/CAENComm-1.2/include -I/home/helab/sw/CAEN/CAENVMELib-2.50/include -I/home/helab/sw/CAEN/CAENDigitizer_2.11.0/include conftest.c
conftest.c:12:28: fatal error: ac_nonexistent.h: No such file or directory
 #include <ac_nonexistent.h>
                            ^
compilation terminated.
configure:3758: $? = 1
configure: failed program was:
| /* confdefs.h */
| #define PACKAGE_NAME "dchdaq"
| #define PACKAGE_TARNAME "dchdaq"
| #define PACKAGE_VERSION "3.8.2"
| #define PACKAGE_STRING "dchdaq 3.8.2"
| #define PACKAGE_BUGREPORT "support.computing@caen.it"
| #define PACKAGE_URL ""
| #define PACKAGE "dchdaq"
| #define VERSION "3.8.2"
| #define LINUX 1
| /* end confdefs.h.  */
| #include <ac_nonexistent.h>
configure:3783: result: gcc -E
configure:3803: gcc -E  -I/home/helab/sw/CAEN/CAENComm-1.2/include -I/home/helab/sw/CAEN/CAENVMELib-2.50/include -I/home/helab/sw/CAEN/CAENDigitizer_2.11.0/include conftest.c
configure:3803: $? = 0
configure:3817: gcc -E  -I/home/helab/sw/CAEN/CAENComm-1.2/include -I/home/helab/sw/CAEN/CAENVMELib-2.50/include -I/home/helab/sw/CAEN/CAENDigitizer_2.11.0/include conftest.c
conftest.c:12:28: fatal error: ac_nonexistent.h: No such file or directory
 #include <ac_nonexistent.h>
                            ^
compilation terminated.
configure:3817: $? = 1
configure: failed program was:
| /* confdefs.h */
| #define PACKAGE_NAME "dchdaq"
| #define PACKAGE_TARNAME "dchdaq"
| #define PACKAGE_VERSION "3.8.2"
| #define PACKAGE_STRING "dchdaq 3.8.2"
| #define PACKAGE_BUGREPORT "support.computing@caen.it"
| #define PACKAGE_URL ""
| #define PACKAGE "dchdaq"
| #define VERSION "3.8.2"
| #define LINUX 1
| /* end confdefs.h.  */
| #include <ac_nonexistent.h>
configure:3846: checking for grep that handles long lines and -e
configure:3904: result: /usr/bin/grep
configure:3909: checking for egrep
configure:3971: result: /usr/bin/grep -E
configure:3976: checking for ANSI C header files
configure:3996: gcc -c -g -O2  -I/home/helab/sw/CAEN/CAENComm-1.2/include -I/home/helab/sw/CAEN/CAENVMELib-2.50/include -I/home/helab/sw/CAEN/CAENDigitizer_2.11.0/include conftest.c >&5
configure:3996: $? = 0
configure:4069: gcc -o conftest -g -O2  -I/home/helab/sw/CAEN/CAENComm-1.2/include -I/home/helab/sw/CAEN/CAENVMELib-2.50/include -I/home/helab/sw/CAEN/CAENDigitizer_2.11.0/include  -L/home/helab/sw/CAEN/CAENComm-1.2/lib/x64 -L/home/helab/sw/CAEN/CAENVMELib-2.50/lib/x64 -L/home/helab/sw/CAEN/CAENDigitizer_2.11.0/lib/x86_64 conftest.c  >&5
configure:4069: $? = 0
configure:4069: ./conftest
configure:4069: $? = 0
configure:4080: result: yes
configure:4093: checking for sys/types.h
configure:4093: gcc -c -g -O2  -I/home/helab/sw/CAEN/CAENComm-1.2/include -I/home/helab/sw/CAEN/CAENVMELib-2.50/include -I/home/helab/sw/CAEN/CAENDigitizer_2.11.0/include conftest.c >&5
configure:4093: $? = 0
configure:4093: result: yes
configure:4093: checking for sys/stat.h
configure:4093: gcc -c -g -O2  -I/home/helab/sw/CAEN/CAENComm-1.2/include -I/home/helab/sw/CAEN/CAENVMELib-2.50/include -I/home/helab/sw/CAEN/CAENDigitizer_2.11.0/include conftest.c >&5
configure:4093: $? = 0
configure:4093: result: yes
configure:4093: checking for stdlib.h
configure:4093: gcc -c -g -O2  -I/home/helab/sw/CAEN/CAENComm-1.2/include -I/home/helab/sw/CAEN/CAENVMELib-2.50/include -I/home/helab/sw/CAEN/CAENDigitizer_2.11.0/include conftest.c >&5
configure:4093: $? = 0
configure:4093: result: yes
configure:4093: checking for string.h
configure:4093: gcc -c -g -O2  -I/home/helab/sw/CAEN/CAENComm-1.2/include -I/home/helab/sw/CAEN/CAENVMELib-2.50/include -I/home/helab/sw/CAEN/CAENDigitizer_2.11.0/include conftest.c >&5
configure:4093: $? = 0
configure:4093: result: yes
configure:4093: checking for memory.h
configure:4093: gcc -c -g -O2  -I/home/helab/sw/CAEN/CAENComm-1.2/include -I/home/helab/sw/CAEN/CAENVMELib-2.50/include -I/home/helab/sw/CAEN/CAENDigitizer_2.11.0/include conftest.c >&5
configure:4093: $? = 0
configure:4093: result: yes
configure:4093: checking for strings.h
configure:4093: gcc -c -g -O2  -I/home/helab/sw/CAEN/CAENComm-1.2/include -I/home/helab/sw/CAEN/CAENVMELib-2.50/include -I/home/helab/sw/CAEN/CAENDigitizer_2.11.0/include conftest.c >&5
configure:4093: $? = 0
configure:4093: result: yes
configure:4093: checking for inttypes.h
configure:4093: gcc -c -g -O2  -I/home/helab/sw/CAEN/CAENComm-1.2/include -I/home/helab/sw/CAEN/CAENVMELib-2.50/include -I/home/helab/sw/CAEN/CAENDigitizer_2.11.0/include conftest.c >&5
configure:4093: $? = 0
configure:4093: result: yes
configure:4093: checking for stdint.h
configure:4093: gcc -c -g -O2  -I/home/helab/sw/CAEN/CAENComm-1.2/include -I/home/helab/sw/CAEN/CAENVMELib-2.50/include -I/home/helab/sw/CAEN/CAENDigitizer_2.11.0/include conftest.c >&5
configure:4093: $? = 0
configure:4093: result: yes
configure:4093: checking for unistd.h
configure:4093: gcc -c -g -O2  -I/home/helab/sw/CAEN/CAENComm-1.2/include -I/home/helab/sw/CAEN/CAENVMELib-2.50/include -I/home/helab/sw/CAEN/CAENDigitizer_2.11.0/include conftest.c >&5
configure:4093: $? = 0
configure:4093: result: yes
configure:4105: checking CAENDigitizer.h usability
configure:4105: gcc -c -g -O2  -I/home/helab/sw/CAEN/CAENComm-1.2/include -I/home/helab/sw/CAEN/CAENVMELib-2.50/include -I/home/helab/sw/CAEN/CAENDigitizer_2.11.0/include conftest.c >&5
configure:4105: $? = 0
configure:4105: result: yes
configure:4105: checking CAENDigitizer.h presence
configure:4105: gcc -E  -I/home/helab/sw/CAEN/CAENComm-1.2/include -I/home/helab/sw/CAEN/CAENVMELib-2.50/include -I/home/helab/sw/CAEN/CAENDigitizer_2.11.0/include conftest.c
configure:4105: $? = 0
configure:4105: result: yes
configure:4105: checking for CAENDigitizer.h
configure:4105: result: yes
configure:4113: checking CAENDigitizerType.h usability
configure:4113: gcc -c -g -O2  -I/home/helab/sw/CAEN/CAENComm-1.2/include -I/home/helab/sw/CAEN/CAENVMELib-2.50/include -I/home/helab/sw/CAEN/CAENDigitizer_2.11.0/include conftest.c >&5
configure:4113: $? = 0
configure:4113: result: yes
configure:4113: checking CAENDigitizerType.h presence
configure:4113: gcc -E  -I/home/helab/sw/CAEN/CAENComm-1.2/include -I/home/helab/sw/CAEN/CAENVMELib-2.50/include -I/home/helab/sw/CAEN/CAENDigitizer_2.11.0/include conftest.c
configure:4113: $? = 0
configure:4113: result: yes
configure:4113: checking for CAENDigitizerType.h
configure:4113: result: yes
configure:4122: checking for CAEN_DGTZ_DRS4_750MHz in CAENDigitizerType.h
configure:4148: result: CAENDigitizerType.h
configure:4166: checking for gnuplot
configure:4182: found /usr/bin/gnuplot
configure:4194: result: ok
configure:4213: WARNING: 
configure:4216: checking for ANSI C header files
configure:4320: result: yes
configure:4331: checking malloc.h usability
configure:4331: gcc -c -g -O2  -I/home/helab/sw/CAEN/CAENComm-1.2/include -I/home/helab/sw/CAEN/CAENVMELib-2.50/include -I/home/helab/sw/CAEN/CAENDigitizer_2.11.0/include conftest.c >&5
configure:4331: $? = 0
configure:4331: result: yes
configure:4331: checking malloc.h presence
configure:4331: gcc -E  -I/home/helab/sw/CAEN/CAENComm-1.2/include -I/home/helab/sw/CAEN/CAENVMELib-2.50/include -I/home/helab/sw/CAEN/CAENDigitizer_2.11.0/include conftest.c
configure:4331: $? = 0
configure:4331: result: yes
configure:4331: checking for malloc.h
configure:4331: result: yes
configure:4331: checking for stdint.h
configure:4331: result: yes
configure:4331: checking for stdlib.h
configure:4331: result: yes
configure:4331: checking for string.h
configure:4331: result: yes
configure:4331: checking sys/time.h usability
configure:4331: gcc -c -g -O2  -I/home/helab/sw/CAEN/CAENComm-1.2/include -I/home/helab/sw/CAEN/CAENVMELib-2.50/include -I/home/helab/sw/CAEN/CAENDigitizer_2.11.0/include conftest.c >&5
configure:4331: $? = 0
configure:4331: result: yes
configure:4331: checking sys/time.h presence
configure:4331: gcc -E  -I/home/helab/sw/CAEN/CAENComm-1.2/include -I/home/helab/sw/CAEN/CAENVMELib-2.50/include -I/home/helab/sw/CAEN/CAENDigitizer_2.11.0/include conftest.c
configure:4331: $? = 0
configure:4331: result: yes
configure:4331: checking for sys/time.h
configure:4331: result: yes
configure:4331: checking sys/timeb.h usability
configure:4331: gcc -c -g -O2  -I/home/helab/sw/CAEN/CAENComm-1.2/include -I/home/helab/sw/CAEN/CAENVMELib-2.50/include -I/home/helab/sw/CAEN/CAENDigitizer_2.11.0/include conftest.c >&5
configure:4331: $? = 0
configure:4331: result: yes
configure:4331: checking sys/timeb.h presence
configure:4331: gcc -E  -I/home/helab/sw/CAEN/CAENComm-1.2/include -I/home/helab/sw/CAEN/CAENVMELib-2.50/include -I/home/helab/sw/CAEN/CAENDigitizer_2.11.0/include conftest.c
configure:4331: $? = 0
configure:4331: result: yes
configure:4331: checking for sys/timeb.h
configure:4331: result: yes
configure:4331: checking termios.h usability
configure:4331: gcc -c -g -O2  -I/home/helab/sw/CAEN/CAENComm-1.2/include -I/home/helab/sw/CAEN/CAENVMELib-2.50/include -I/home/helab/sw/CAEN/CAENDigitizer_2.11.0/include conftest.c >&5
configure:4331: $? = 0
configure:4331: result: yes
configure:4331: checking termios.h presence
configure:4331: gcc -E  -I/home/helab/sw/CAEN/CAENComm-1.2/include -I/home/helab/sw/CAEN/CAENVMELib-2.50/include -I/home/helab/sw/CAEN/CAENDigitizer_2.11.0/include conftest.c
configure:4331: $? = 0
configure:4331: result: yes
configure:4331: checking for termios.h
configure:4331: result: yes
configure:4331: checking for unistd.h
configure:4331: result: yes
configure:4343: checking for an ANSI C-conforming const
configure:4409: gcc -c -g -O2  -I/home/helab/sw/CAEN/CAENComm-1.2/include -I/home/helab/sw/CAEN/CAENVMELib-2.50/include -I/home/helab/sw/CAEN/CAENDigitizer_2.11.0/include conftest.c >&5
configure:4409: $? = 0
configure:4416: result: yes
configure:4424: checking whether time.h and sys/time.h may both be included
configure:4444: gcc -c -g -O2  -I/home/helab/sw/CAEN/CAENComm-1.2/include -I/home/helab/sw/CAEN/CAENVMELib-2.50/include -I/home/helab/sw/CAEN/CAENDigitizer_2.11.0/include conftest.c >&5
configure:4444: $? = 0
configure:4451: result: yes
configure:4463: checking for stdlib.h
configure:4463: result: yes
configure:4473: checking for GNU libc compatible malloc
configure:4497: gcc -o conftest -g -O2  -I/home/helab/sw/CAEN/CAENComm-1.2/include -I/home/helab/sw/CAEN/CAENVMELib-2.50/include -I/home/helab/sw/CAEN/CAENDigitizer_2.11.0/include  -L/home/helab/sw/CAEN/CAENComm-1.2/lib/x64 -L/home/helab/sw/CAEN/CAENVMELib-2.50/lib/x64 -L/home/helab/sw/CAEN/CAENDigitizer_2.11.0/lib/x86_64 conftest.c  >&5
configure:4497: $? = 0
configure:4497: ./conftest
configure:4497: $? = 0
configure:4507: result: yes
configure:4531: checking sys/select.h usability
configure:4531: gcc -c -g -O2  -I/home/helab/sw/CAEN/CAENComm-1.2/include -I/home/helab/sw/CAEN/CAENVMELib-2.50/include -I/home/helab/sw/CAEN/CAENDigitizer_2.11.0/include conftest.c >&5
configure:4531: $? = 0
configure:4531: result: yes
configure:4531: checking sys/select.h presence
configure:4531: gcc -E  -I/home/helab/sw/CAEN/CAENComm-1.2/include -I/home/helab/sw/CAEN/CAENVMELib-2.50/include -I/home/helab/sw/CAEN/CAENDigitizer_2.11.0/include conftest.c
configure:4531: $? = 0
configure:4531: result: yes
configure:4531: checking for sys/select.h
configure:4531: result: yes
configure:4531: checking sys/socket.h usability
configure:4531: gcc -c -g -O2  -I/home/helab/sw/CAEN/CAENComm-1.2/include -I/home/helab/sw/CAEN/CAENVMELib-2.50/include -I/home/helab/sw/CAEN/CAENDigitizer_2.11.0/include conftest.c >&5
configure:4531: $? = 0
configure:4531: result: yes
configure:4531: checking sys/socket.h presence
configure:4531: gcc -E  -I/home/helab/sw/CAEN/CAENComm-1.2/include -I/home/helab/sw/CAEN/CAENVMELib-2.50/include -I/home/helab/sw/CAEN/CAENDigitizer_2.11.0/include conftest.c
configure:4531: $? = 0
configure:4531: result: yes
configure:4531: checking for sys/socket.h
configure:4531: result: yes
configure:4541: checking types of arguments for select
configure:4569: gcc -c -g -O2  -I/home/helab/sw/CAEN/CAENComm-1.2/include -I/home/helab/sw/CAEN/CAENVMELib-2.50/include -I/home/helab/sw/CAEN/CAENDigitizer_2.11.0/include conftest.c >&5
configure:4569: $? = 0
configure:4580: result: int,fd_set *,struct timeval *
configure:4606: checking for atexit
configure:4606: gcc -o conftest -g -O2  -I/home/helab/sw/CAEN/CAENComm-1.2/include -I/home/helab/sw/CAEN/CAENVMELib-2.50/include -I/home/helab/sw/CAEN/CAENDigitizer_2.11.0/include  -L/home/helab/sw/CAEN/CAENComm-1.2/lib/x64 -L/home/helab/sw/CAEN/CAENVMELib-2.50/lib/x64 -L/home/helab/sw/CAEN/CAENDigitizer_2.11.0/lib/x86_64 conftest.c  >&5
configure:4606: $? = 0
configure:4606: result: yes
configure:4606: checking for gettimeofday
configure:4606: gcc -o conftest -g -O2  -I/home/helab/sw/CAEN/CAENComm-1.2/include -I/home/helab/sw/CAEN/CAENVMELib-2.50/include -I/home/helab/sw/CAEN/CAENDigitizer_2.11.0/include  -L/home/helab/sw/CAEN/CAENComm-1.2/lib/x64 -L/home/helab/sw/CAEN/CAENVMELib-2.50/lib/x64 -L/home/helab/sw/CAEN/CAENDigitizer_2.11.0/lib/x86_64 conftest.c  >&5
configure:4606: $? = 0
configure:4606: result: yes
configure:4606: checking for memset
configure:4606: gcc -o conftest -g -O2  -I/home/helab/sw/CAEN/CAENComm-1.2/include -I/home/helab/sw/CAEN/CAENVMELib-2.50/include -I/home/helab/sw/CAEN/CAENDigitizer_2.11.0/include  -L/home/helab/sw/CAEN/CAENComm-1.2/lib/x64 -L/home/helab/sw/CAEN/CAENVMELib-2.50/lib/x64 -L/home/helab/sw/CAEN/CAENDigitizer_2.11.0/lib/x86_64 conftest.c  >&5
conftest.c:64:6: warning: conflicting types for built-in function 'memset' [enabled by default]
 char memset ();
      ^
configure:4606: $? = 0
configure:4606: result: yes
configure:4606: checking for pow
configure:4606: gcc -o conftest -g -O2  -I/home/helab/sw/CAEN/CAENComm-1.2/include -I/home/helab/sw/CAEN/CAENVMELib-2.50/include -I/home/helab/sw/CAEN/CAENDigitizer_2.11.0/include  -L/home/helab/sw/CAEN/CAENComm-1.2/lib/x64 -L/home/helab/sw/CAEN/CAENVMELib-2.50/lib/x64 -L/home/helab/sw/CAEN/CAENDigitizer_2.11.0/lib/x86_64 conftest.c  >&5
conftest.c:65:6: warning: conflicting types for built-in function 'pow' [enabled by default]
 char pow ();
      ^
/tmp/ccQ2tdNC.o: In function `main':
/home/helab/FIRB/DCHDAQ-test/conftest.c:76: undefined reference to `pow'
collect2: error: ld returned 1 exit status
configure:4606: $? = 1
configure: failed program was:
| /* confdefs.h */
| #define PACKAGE_NAME "dchdaq"
| #define PACKAGE_TARNAME "dchdaq"
| #define PACKAGE_VERSION "3.8.2"
| #define PACKAGE_STRING "dchdaq 3.8.2"
| #define PACKAGE_BUGREPORT "support.computing@caen.it"
| #define PACKAGE_URL ""
| #define PACKAGE "dchdaq"
| #define VERSION "3.8.2"
| #define LINUX 1
| #define STDC_HEADERS 1
| #define HAVE_SYS_TYPES_H 1
| #define HAVE_SYS_STAT_H 1
| #define HAVE_STDLIB_H 1
| #define HAVE_STRING_H 1
| #define HAVE_MEMORY_H 1
| #define HAVE_STRINGS_H 1
| #define HAVE_INTTYPES_H 1
| #define HAVE_STDINT_H 1
| #define HAVE_UNISTD_H 1
| #define STDC_HEADERS 1
| #define HAVE_MALLOC_H 1
| #define HAVE_STDINT_H 1
| #define HAVE_STDLIB_H 1
| #define HAVE_STRING_H 1
| #define HAVE_SYS_TIME_H 1
| #define HAVE_SYS_TIMEB_H 1
| #define HAVE_TERMIOS_H 1
| #define HAVE_UNISTD_H 1
| #define TIME_WITH_SYS_TIME 1
| #define HAVE_STDLIB_H 1
| #define HAVE_MALLOC 1
| #define HAVE_SYS_SELECT_H 1
| #define HAVE_SYS_SOCKET_H 1
| #define SELECT_TYPE_ARG1 int
| #define SELECT_TYPE_ARG234 (fd_set *)
| #define SELECT_TYPE_ARG5 (struct timeval *)
| #define HAVE_ATEXIT 1
| #define HAVE_GETTIMEOFDAY 1
| #define HAVE_MEMSET 1
| /* end confdefs.h.  */
| /* Define pow to an innocuous variant, in case <limits.h> declares pow.
|    For example, HP-UX 11i <limits.h> declares gettimeofday.  */
| #define pow innocuous_pow
| 
| /* System header to define __stub macros and hopefully few prototypes,
|     which can conflict with char pow (); below.
|     Prefer <limits.h> to <assert.h> if __STDC__ is defined, since
|     <limits.h> exists even on freestanding compilers.  */
| 
| #ifdef __STDC__
| # include <limits.h>
| #else
| # include <assert.h>
| #endif
| 
| #undef pow
| 
| /* Override any GCC internal prototype to avoid an error.
|    Use char because int might match the return type of a GCC
|    builtin and then its argument prototype would still apply.  */
| #ifdef __cplusplus
| extern "C"
| #endif
| char pow ();
| /* The GNU C library defines this for functions which it implements
|     to always fail with ENOSYS.  Some functions are actually named
|     something starting with __ and the normal name is an alias.  */
| #if defined __stub_pow || defined __stub___pow
| choke me
| #endif
| 
| int
| main ()
| {
| return pow ();
|   ;
|   return 0;
| }
configure:4606: result: no
configure:4606: checking for select
configure:4606: gcc -o conftest -g -O2  -I/home/helab/sw/CAEN/CAENComm-1.2/include -I/home/helab/sw/CAEN/CAENVMELib-2.50/include -I/home/helab/sw/CAEN/CAENDigitizer_2.11.0/include  -L/home/helab/sw/CAEN/CAENComm-1.2/lib/x64 -L/home/helab/sw/CAEN/CAENVMELib-2.50/lib/x64 -L/home/helab/sw/CAEN/CAENDigitizer_2.11.0/lib/x86_64 conftest.c  >&5
configure:4606: $? = 0
configure:4606: result: yes
configure:4606: checking for strstr
configure:4606: gcc -o conftest -g -O2  -I/home/helab/sw/CAEN/CAENComm-1.2/include -I/home/helab/sw/CAEN/CAENVMELib-2.50/include -I/home/helab/sw/CAEN/CAENDigitizer_2.11.0/include  -L/home/helab/sw/CAEN/CAENComm-1.2/lib/x64 -L/home/helab/sw/CAEN/CAENVMELib-2.50/lib/x64 -L/home/helab/sw/CAEN/CAENDigitizer_2.11.0/lib/x86_64 conftest.c  >&5
conftest.c:66:6: warning: conflicting types for built-in function 'strstr' [enabled by default]
 char strstr ();
      ^
configure:4606: $? = 0
configure:4606: result: yes
configure:4619: checking for gnuplot
configure:4635: found /usr/bin/gnuplot
configure:4647: result: yes
configure:4803: checking that generated files are newer than configure
configure:4809: result: done
configure:4832: creating ./config.status

## ---------------------- ##
## Running config.status. ##
## ---------------------- ##

This file was extended by dchdaq config.status 3.8.2, which was
generated by GNU Autoconf 2.69.  Invocation command line was

  CONFIG_FILES    = 
  CONFIG_HEADERS  = 
  CONFIG_LINKS    = 
  CONFIG_COMMANDS = 
  $ ./config.status 

on hp-pc-gtassielli

config.status:782: creating Makefile
config.status:782: creating src/Makefile
config.status:954: executing depfiles commands

## ---------------- ##
## Cache variables. ##
## ---------------- ##

ac_cv_c_compiler_gnu=yes
ac_cv_c_const=yes
ac_cv_env_CC_set=
ac_cv_env_CC_value=
ac_cv_env_CFLAGS_set=
ac_cv_env_CFLAGS_value=
ac_cv_env_CPPFLAGS_set=
ac_cv_env_CPPFLAGS_value=
ac_cv_env_CPP_set=
ac_cv_env_CPP_value=
ac_cv_env_LDFLAGS_set=
ac_cv_env_LDFLAGS_value=
ac_cv_env_LIBS_set=
ac_cv_env_LIBS_value=
ac_cv_env_build_alias_set=
ac_cv_env_build_alias_value=
ac_cv_env_host_alias_set=
ac_cv_env_host_alias_value=
ac_cv_env_target_alias_set=
ac_cv_env_target_alias_value=
ac_cv_func_atexit=yes
ac_cv_func_gettimeofday=yes
ac_cv_func_malloc_0_nonnull=yes
ac_cv_func_memset=yes
ac_cv_func_pow=no
ac_cv_func_select=yes
ac_cv_func_select_args='int,fd_set *,struct timeval *'
ac_cv_func_strstr=yes
ac_cv_header_CAENDigitizerType_h=yes
ac_cv_header_CAENDigitizer_h=yes
ac_cv_header_inttypes_h=yes
ac_cv_header_malloc_h=yes
ac_cv_header_memory_h=yes
ac_cv_header_stdc=yes
ac_cv_header_stdint_h=yes
ac_cv_header_stdlib_h=yes
ac_cv_header_string_h=yes
ac_cv_header_strings_h=yes
ac_cv_header_sys_select_h=yes
ac_cv_header_sys_socket_h=yes
ac_cv_header_sys_stat_h=yes
ac_cv_header_sys_time_h=yes
ac_cv_header_sys_timeb_h=yes
ac_cv_header_sys_types_h=yes
ac_cv_header_termios_h=yes
ac_cv_header_time=yes
ac_cv_header_unistd_h=yes
ac_cv_objext=o
ac_cv_path_EGREP='/usr/bin/grep -E'
ac_cv_path_GREP=/usr/bin/grep
ac_cv_path_install='/usr/bin/install -c'
ac_cv_path_mkdir=/usr/bin/mkdir
ac_cv_prog_AWK=gawk
ac_cv_prog_CPP='gcc -E'
ac_cv_prog_GNUPLOT=ok
ac_cv_prog_HAVE_GNUPLOT=yes
ac_cv_prog_ac_ct_CC=gcc
ac_cv_prog_cc_c89=
ac_cv_prog_cc_g=yes
ac_cv_prog_make_make_set=yes
am_cv_CC_dependencies_compiler_type=gcc3
am_cv_make_support_nested_variables=yes

## ----------------- ##
## Output variables. ##
## ----------------- ##

ACLOCAL='aclocal-1.13'
AMDEPBACKSLASH='\'
AMDEP_FALSE='#'
AMDEP_TRUE=''
AMTAR='$${TAR-tar}'
AM_BACKSLASH='\'
AM_DEFAULT_V='$(AM_DEFAULT_VERBOSITY)'
AM_DEFAULT_VERBOSITY='1'
AM_V='$(V)'
AUTOCONF='autoconf'
AUTOHEADER='autoheader'
AUTOMAKE='automake-1.13'
AWK='gawk'
CC='gcc'
CCDEPMODE='depmode=gcc3'
CFLAGS='-g -O2'
CPP='gcc -E'
CPPFLAGS=' -I/home/helab/sw/CAEN/CAENComm-1.2/include -I/home/helab/sw/CAEN/CAENVMELib-2.50/include -I/home/helab/sw/CAEN/CAENDigitizer_2.11.0/include'
CYGPATH_W='echo'
DEFS='-DPACKAGE_NAME=\"dchdaq\" -DPACKAGE_TARNAME=\"dchdaq\" -DPACKAGE_VERSION=\"3.8.2\" -DPACKAGE_STRING=\"dchdaq\ 3.8.2\" -DPACKAGE_BUGREPORT=\"support.computing@caen.it\" -DPACKAGE_URL=\"\" -DPACKAGE=\"dchdaq\" -DVERSION=\"3.8.2\" -DLINUX=1 -DSTDC_HEADERS=1 -DHAVE_SYS_TYPES_H=1 -DHAVE_SYS_STAT_H=1 -DHAVE_STDLIB_H=1 -DHAVE_STRING_H=1 -DHAVE_MEMORY_H=1 -DHAVE_STRINGS_H=1 -DHAVE_INTTYPES_H=1 -DHAVE_STDINT_H=1 -DHAVE_UNISTD_H=1 -DSTDC_HEADERS=1 -DHAVE_MALLOC_H=1 -DHAVE_STDINT_H=1 -DHAVE_STDLIB_H=1 -DHAVE_STRING_H=1 -DHAVE_SYS_TIME_H=1 -DHAVE_SYS_TIMEB_H=1 -DHAVE_TERMIOS_H=1 -DHAVE_UNISTD_H=1 -DTIME_WITH_SYS_TIME=1 -DHAVE_STDLIB_H=1 -DHAVE_MALLOC=1 -DHAVE_SYS_SELECT_H=1 -DHAVE_SYS_SOCKET_H=1 -DSELECT_TYPE_ARG1=int -DSELECT_TYPE_ARG234=\(fd_set\ \*\) -DSELECT_TYPE_ARG5=\(struct\ timeval\ \*\) -DHAVE_ATEXIT=1 -DHAVE_GETTIMEOFDAY=1 -DHAVE_MEMSET=1 -DHAVE_SELECT=1 -DHAVE_STRSTR=1'
DEPDIR='.deps'
ECHO_C=''
ECHO_N='-n'
ECHO_T=''
EGREP='/usr/bin/grep -E'
EXEEXT=''
GNUPLOT='ok'
GREP='/usr/bin/grep'
HAVE_GNUPLOT='yes'
INSTALL_DATA='${INSTALL} -m 644'
INSTALL_PROGRAM='${INSTALL}'
INSTALL_SCRIPT='${INSTALL}'
INSTALL_STRIP_PROGRAM='$(install_sh) -c -s'
LDFLAGS=' -L/home/helab/sw/CAEN/CAENComm-1.2/lib/x64 -L/home/helab/sw/CAEN/CAENVMELib-2.50/lib/x64 -L/home/helab/sw/CAEN/CAENDigitizer_2.11.0/lib/x86_64'
LIBOBJS=''
LIBS=''
LTLIBOBJS=''
MAKEINFO='makeinfo'
MKDIR_P='/usr/bin/mkdir -p'
OBJEXT='o'
PACKAGE='dchdaq'
PACKAGE_BUGREPORT='support.computing@caen.it'
PACKAGE_NAME='dchdaq'
PACKAGE_STRING='dchdaq 3.8.2'
PACKAGE_TARNAME='dchdaq'
PACKAGE_URL=''
PACKAGE_VERSION='3.8.2'
PATH_SEPARATOR=':'
SET_MAKE=''
SHELL='/bin/sh'
STRIP=''
VERSION='3.8.2'
ac_ct_CC='gcc'
am__EXEEXT_FALSE=''
am__EXEEXT_TRUE='#'
am__fastdepCC_FALSE='#'
am__fastdepCC_TRUE=''
am__include='include'
am__isrc=''
am__leading_dot='.'
am__nodep='_no'
am__quote=''
am__tar='$${TAR-tar} chof - "$$tardir"'
am__untar='$${TAR-tar} xf -'
bindir='${exec_prefix}/bin'
build_alias=''
datadir='${datarootdir}'
datarootdir='${prefix}/share'
docdir='${datarootdir}/doc/${PACKAGE_TARNAME}'
dvidir='${docdir}'
exec_prefix='${prefix}'
host_alias=''
htmldir='${docdir}'
includedir='${prefix}/include'
infodir='${datarootdir}/info'
install_sh='${SHELL} /home/helab/FIRB/DCHDAQ-test/src/install-sh'
libdir='${exec_prefix}/lib'
libexecdir='${exec_prefix}/libexec'
localedir='${datarootdir}/locale'
localstatedir='${prefix}/var'
mandir='${datarootdir}/man'
mkdir_p='$(MKDIR_P)'
oldincludedir='/usr/include'
pdfdir='${docdir}'
prefix='/usr/local'
program_transform_name='s,x,x,'
psdir='${docdir}'
sbindir='${exec_prefix}/sbin'
sharedstatedir='${prefix}/com'
sysconfdir='${prefix}/etc'
target_alias=''

## ----------- ##
## confdefs.h. ##
## ----------- ##

/* confdefs.h */
#define PACKAGE_NAME "dchdaq"
#define PACKAGE_TARNAME "dchdaq"
#define PACKAGE_VERSION "3.8.2"
#define PACKAGE_STRING "dchdaq 3.8.2"
#define PACKAGE_BUGREPORT "support.computing@caen.it"
#define PACKAGE_URL ""
#define PACKAGE "dchdaq"
#define VERSION "3.8.2"
#define LINUX 1
#define STDC_HEADERS 1
#define HAVE_SYS_TYPES_H 1
#define HAVE_SYS_STAT_H 1
#define HAVE_STDLIB_H 1
#define HAVE_STRING_H 1
#define HAVE_MEMORY_H 1
#define HAVE_STRINGS_H 1
#define HAVE_INTTYPES_H 1
#define HAVE_STDINT_H 1
#define HAVE_UNISTD_H 1
#define STDC_HEADERS 1
#define HAVE_MALLOC_H 1
#define HAVE_STDINT_H 1
#define HAVE_STDLIB_H 1
#define HAVE_STRING_H 1
#define HAVE_SYS_TIME_H 1
#define HAVE_SYS_TIMEB_H 1
#define HAVE_TERMIOS_H 1
#define HAVE_UNISTD_H 1
#define TIME_WITH_SYS_TIME 1
#define HAVE_STDLIB_H 1
#define HAVE_MALLOC 1
#define HAVE_SYS_SELECT_H 1
#define HAVE_SYS_SOCKET_H 1
#define SELECT_TYPE_ARG1 int
#define SELECT_TYPE_ARG234 (fd_set *)
#define SELECT_TYPE_ARG5 (struct timeval *)
#define HAVE_ATEXIT 1
#define HAVE_GETTIMEOFDAY 1
#define HAVE_MEMSET 1
#define HAVE_SELECT 1
#define HAVE_STRSTR 1

configure: exit 0
