Performing C SOURCE FILE Test CMAKE_HAVE_LIBC_PTHREAD failed with the following output:
Change Dir: /afs/cern.ch/work/w/welmeten/public/IDEA_calo_Key4HEP/DriftChamberPLUSVertex/converter/CMakeFiles/CMakeTmp

Run Build Command(s):/cvmfs/sw.hsf.org/spackages4/gmake/4.3/x86_64-centos7-gcc8.3.0-opt/55nbl4j/bin/gmake -f Makefile cmTC_95808/fast && /cvmfs/sw.hsf.org/spackages4/gmake/4.3/x86_64-centos7-gcc8.3.0-opt/55nbl4j/bin/gmake  -f CMakeFiles/cmTC_95808.dir/build.make CMakeFiles/cmTC_95808.dir/build
gmake[1]: Entering directory '/afs/cern.ch/work/w/welmeten/public/IDEA_calo_Key4HEP/DriftChamberPLUSVertex/converter/CMakeFiles/CMakeTmp'
Building C object CMakeFiles/cmTC_95808.dir/src.c.o
/cvmfs/sw.hsf.org/contrib/gcc/8.3.0/x86_64-centos7-gcc4.8.5-opt/3tor3brwrrwwjs5jhvwrb5plauumwozz/bin/gcc -DCMAKE_HAVE_LIBC_PTHREAD   -o CMakeFiles/cmTC_95808.dir/src.c.o -c /afs/cern.ch/work/w/welmeten/public/IDEA_calo_Key4HEP/DriftChamberPLUSVertex/converter/CMakeFiles/CMakeTmp/src.c
Linking C executable cmTC_95808
/cvmfs/sw.hsf.org/spackages4/cmake/3.20.0/x86_64-centos7-gcc8.3.0-opt/qclzvox/bin/cmake -E cmake_link_script CMakeFiles/cmTC_95808.dir/link.txt --verbose=1
/cvmfs/sw.hsf.org/contrib/gcc/8.3.0/x86_64-centos7-gcc4.8.5-opt/3tor3brwrrwwjs5jhvwrb5plauumwozz/bin/gcc CMakeFiles/cmTC_95808.dir/src.c.o -o cmTC_95808 
/cvmfs/sw.hsf.org/contrib/binutils/2.37/x86_64-centos7-gcc4.8.5-opt/e44ldsiooccrs2h2eylg3br24u74dj23/bin/ld: CMakeFiles/cmTC_95808.dir/src.c.o: in function `main':
src.c:(.text+0x2d): undefined reference to `pthread_create'
/cvmfs/sw.hsf.org/contrib/binutils/2.37/x86_64-centos7-gcc4.8.5-opt/e44ldsiooccrs2h2eylg3br24u74dj23/bin/ld: src.c:(.text+0x39): undefined reference to `pthread_detach'
/cvmfs/sw.hsf.org/contrib/binutils/2.37/x86_64-centos7-gcc4.8.5-opt/e44ldsiooccrs2h2eylg3br24u74dj23/bin/ld: src.c:(.text+0x45): undefined reference to `pthread_cancel'
/cvmfs/sw.hsf.org/contrib/binutils/2.37/x86_64-centos7-gcc4.8.5-opt/e44ldsiooccrs2h2eylg3br24u74dj23/bin/ld: src.c:(.text+0x56): undefined reference to `pthread_join'
/cvmfs/sw.hsf.org/contrib/binutils/2.37/x86_64-centos7-gcc4.8.5-opt/e44ldsiooccrs2h2eylg3br24u74dj23/bin/ld: src.c:(.text+0x6a): undefined reference to `pthread_atfork'
collect2: error: ld returned 1 exit status
gmake[1]: *** [CMakeFiles/cmTC_95808.dir/build.make:99: cmTC_95808] Error 1
gmake[1]: Leaving directory '/afs/cern.ch/work/w/welmeten/public/IDEA_calo_Key4HEP/DriftChamberPLUSVertex/converter/CMakeFiles/CMakeTmp'
gmake: *** [Makefile:127: cmTC_95808/fast] Error 2


Source file was:
#include <pthread.h>

static void* test_func(void* data)
{
  return data;
}

int main(void)
{
  pthread_t thread;
  pthread_create(&thread, NULL, test_func, NULL);
  pthread_detach(thread);
  pthread_cancel(thread);
  pthread_join(thread, NULL);
  pthread_atfork(NULL, NULL, NULL);
  pthread_exit(NULL);

  return 0;
}

